[0.143s] DEBUG:colcon:Command line arguments: ['/usr/bin/colcon', 'build', '--packages-select', 'pure_pursuit_controller', 'pid_velocity_controller']
[0.143s] DEBUG:colcon:Parsed command line arguments: Namespace(log_base=None, log_level=None, verb_name='build', build_base='build', install_base='install', merge_install=False, symlink_install=False, test_result_base=None, continue_on_error=False, executor='parallel', parallel_workers=12, event_handlers=None, ignore_user_meta=False, metas=['./colcon.meta'], base_paths=['.'], packages_ignore=None, packages_ignore_regex=None, paths=None, packages_up_to=None, packages_up_to_regex=None, packages_above=None, packages_above_and_dependencies=None, packages_above_depth=None, packages_select_by_dep=None, packages_skip_by_dep=None, packages_skip_up_to=None, packages_select_build_failed=False, packages_skip_build_finished=False, packages_select_test_failures=False, packages_skip_test_passed=False, packages_select=['pure_pursuit_controller', 'pid_velocity_controller'], packages_skip=None, packages_select_regex=None, packages_skip_regex=None, packages_start=None, packages_end=None, allow_overriding=[], cmake_args=None, cmake_target=None, cmake_target_skip_unavailable=False, cmake_clean_cache=False, cmake_clean_first=False, cmake_force_configure=False, ament_cmake_args=None, catkin_cmake_args=None, catkin_skip_building_tests=False, verb_parser=<colcon_defaults.argument_parser.defaults.DefaultArgumentsDecorator object at 0x7f83477bfbe0>, verb_extension=<colcon_core.verb.build.BuildVerb object at 0x7f83477bf790>, main=<bound method BuildVerb.main of <colcon_core.verb.build.BuildVerb object at 0x7f83477bf790>>)
[0.243s] Level 1:colcon.colcon_core.package_discovery:discover_packages(colcon_meta) check parameters
[0.243s] Level 1:colcon.colcon_core.package_discovery:discover_packages(recursive) check parameters
[0.243s] Level 1:colcon.colcon_core.package_discovery:discover_packages(ignore) check parameters
[0.243s] Level 1:colcon.colcon_core.package_discovery:discover_packages(path) check parameters
[0.243s] Level 1:colcon.colcon_core.package_discovery:discover_packages(colcon_meta) discover
[0.243s] Level 1:colcon.colcon_core.package_discovery:discover_packages(recursive) discover
[0.243s] INFO:colcon.colcon_core.package_discovery:Crawling recursively for packages in '/home/junaet/ros2_ws'
[0.243s] Level 1:colcon.colcon_core.package_identification:_identify(.) by extensions ['ignore', 'ignore_ament_install']
[0.243s] Level 1:colcon.colcon_core.package_identification:_identify(.) by extension 'ignore'
[0.244s] Level 1:colcon.colcon_core.package_identification:_identify(.) by extension 'ignore_ament_install'
[0.244s] Level 1:colcon.colcon_core.package_identification:_identify(.) by extensions ['colcon_pkg']
[0.244s] Level 1:colcon.colcon_core.package_identification:_identify(.) by extension 'colcon_pkg'
[0.244s] Level 1:colcon.colcon_core.package_identification:_identify(.) by extensions ['colcon_meta']
[0.244s] Level 1:colcon.colcon_core.package_identification:_identify(.) by extension 'colcon_meta'
[0.244s] Level 1:colcon.colcon_core.package_identification:_identify(.) by extensions ['ros']
[0.244s] Level 1:colcon.colcon_core.package_identification:_identify(.) by extension 'ros'
[0.250s] Level 1:colcon.colcon_core.package_identification:_identify(.) by extensions ['cmake', 'python']
[0.250s] Level 1:colcon.colcon_core.package_identification:_identify(.) by extension 'cmake'
[0.251s] Level 1:colcon.colcon_core.package_identification:_identify(.) by extension 'python'
[0.251s] Level 1:colcon.colcon_core.package_identification:_identify(.) by extensions ['python_setup_py']
[0.251s] Level 1:colcon.colcon_core.package_identification:_identify(.) by extension 'python_setup_py'
[0.251s] Level 1:colcon.colcon_core.package_identification:_identify(PurePursuitAlgorithms) by extensions ['ignore', 'ignore_ament_install']
[0.251s] Level 1:colcon.colcon_core.package_identification:_identify(PurePursuitAlgorithms) by extension 'ignore'
[0.251s] Level 1:colcon.colcon_core.package_identification:_identify(PurePursuitAlgorithms) by extension 'ignore_ament_install'
[0.251s] Level 1:colcon.colcon_core.package_identification:_identify(PurePursuitAlgorithms) by extensions ['colcon_pkg']
[0.251s] Level 1:colcon.colcon_core.package_identification:_identify(PurePursuitAlgorithms) by extension 'colcon_pkg'
[0.251s] Level 1:colcon.colcon_core.package_identification:_identify(PurePursuitAlgorithms) by extensions ['colcon_meta']
[0.251s] Level 1:colcon.colcon_core.package_identification:_identify(PurePursuitAlgorithms) by extension 'colcon_meta'
[0.251s] Level 1:colcon.colcon_core.package_identification:_identify(PurePursuitAlgorithms) by extensions ['ros']
[0.251s] Level 1:colcon.colcon_core.package_identification:_identify(PurePursuitAlgorithms) by extension 'ros'
[0.251s] Level 1:colcon.colcon_core.package_identification:_identify(PurePursuitAlgorithms) by extensions ['cmake', 'python']
[0.251s] Level 1:colcon.colcon_core.package_identification:_identify(PurePursuitAlgorithms) by extension 'cmake'
[0.251s] Level 1:colcon.colcon_core.package_identification:_identify(PurePursuitAlgorithms) by extension 'python'
[0.251s] Level 1:colcon.colcon_core.package_identification:_identify(PurePursuitAlgorithms) by extensions ['python_setup_py']
[0.251s] Level 1:colcon.colcon_core.package_identification:_identify(PurePursuitAlgorithms) by extension 'python_setup_py'
[0.251s] Level 1:colcon.colcon_core.package_identification:_identify(build) by extensions ['ignore', 'ignore_ament_install']
[0.251s] Level 1:colcon.colcon_core.package_identification:_identify(build) by extension 'ignore'
[0.251s] Level 1:colcon.colcon_core.package_identification:_identify(build) ignored
[0.252s] Level 1:colcon.colcon_core.package_identification:_identify(install) by extensions ['ignore', 'ignore_ament_install']
[0.252s] Level 1:colcon.colcon_core.package_identification:_identify(install) by extension 'ignore'
[0.252s] Level 1:colcon.colcon_core.package_identification:_identify(install) ignored
[0.252s] Level 1:colcon.colcon_core.package_identification:_identify(log) by extensions ['ignore', 'ignore_ament_install']
[0.252s] Level 1:colcon.colcon_core.package_identification:_identify(log) by extension 'ignore'
[0.252s] Level 1:colcon.colcon_core.package_identification:_identify(log) ignored
[0.252s] Level 1:colcon.colcon_core.package_identification:_identify(my_run) by extensions ['ignore', 'ignore_ament_install']
[0.252s] Level 1:colcon.colcon_core.package_identification:_identify(my_run) by extension 'ignore'
[0.252s] Level 1:colcon.colcon_core.package_identification:_identify(my_run) by extension 'ignore_ament_install'
[0.252s] Level 1:colcon.colcon_core.package_identification:_identify(my_run) by extensions ['colcon_pkg']
[0.252s] Level 1:colcon.colcon_core.package_identification:_identify(my_run) by extension 'colcon_pkg'
[0.252s] Level 1:colcon.colcon_core.package_identification:_identify(my_run) by extensions ['colcon_meta']
[0.252s] Level 1:colcon.colcon_core.package_identification:_identify(my_run) by extension 'colcon_meta'
[0.252s] Level 1:colcon.colcon_core.package_identification:_identify(my_run) by extensions ['ros']
[0.252s] Level 1:colcon.colcon_core.package_identification:_identify(my_run) by extension 'ros'
[0.252s] Level 1:colcon.colcon_core.package_identification:_identify(my_run) by extensions ['cmake', 'python']
[0.252s] Level 1:colcon.colcon_core.package_identification:_identify(my_run) by extension 'cmake'
[0.252s] Level 1:colcon.colcon_core.package_identification:_identify(my_run) by extension 'python'
[0.252s] Level 1:colcon.colcon_core.package_identification:_identify(my_run) by extensions ['python_setup_py']
[0.252s] Level 1:colcon.colcon_core.package_identification:_identify(my_run) by extension 'python_setup_py'
[0.252s] Level 1:colcon.colcon_core.package_identification:_identify(src) by extensions ['ignore', 'ignore_ament_install']
[0.253s] Level 1:colcon.colcon_core.package_identification:_identify(src) by extension 'ignore'
[0.253s] Level 1:colcon.colcon_core.package_identification:_identify(src) by extension 'ignore_ament_install'
[0.253s] Level 1:colcon.colcon_core.package_identification:_identify(src) by extensions ['colcon_pkg']
[0.253s] Level 1:colcon.colcon_core.package_identification:_identify(src) by extension 'colcon_pkg'
[0.253s] Level 1:colcon.colcon_core.package_identification:_identify(src) by extensions ['colcon_meta']
[0.253s] Level 1:colcon.colcon_core.package_identification:_identify(src) by extension 'colcon_meta'
[0.253s] Level 1:colcon.colcon_core.package_identification:_identify(src) by extensions ['ros']
[0.253s] Level 1:colcon.colcon_core.package_identification:_identify(src) by extension 'ros'
[0.253s] Level 1:colcon.colcon_core.package_identification:_identify(src) by extensions ['cmake', 'python']
[0.253s] Level 1:colcon.colcon_core.package_identification:_identify(src) by extension 'cmake'
[0.253s] Level 1:colcon.colcon_core.package_identification:_identify(src) by extension 'python'
[0.253s] Level 1:colcon.colcon_core.package_identification:_identify(src) by extensions ['python_setup_py']
[0.253s] Level 1:colcon.colcon_core.package_identification:_identify(src) by extension 'python_setup_py'
[0.253s] Level 1:colcon.colcon_core.package_identification:_identify(src/pid_velocity_controller) by extensions ['ignore', 'ignore_ament_install']
[0.253s] Level 1:colcon.colcon_core.package_identification:_identify(src/pid_velocity_controller) by extension 'ignore'
[0.253s] Level 1:colcon.colcon_core.package_identification:_identify(src/pid_velocity_controller) by extension 'ignore_ament_install'
[0.253s] Level 1:colcon.colcon_core.package_identification:_identify(src/pid_velocity_controller) by extensions ['colcon_pkg']
[0.253s] Level 1:colcon.colcon_core.package_identification:_identify(src/pid_velocity_controller) by extension 'colcon_pkg'
[0.253s] Level 1:colcon.colcon_core.package_identification:_identify(src/pid_velocity_controller) by extensions ['colcon_meta']
[0.253s] Level 1:colcon.colcon_core.package_identification:_identify(src/pid_velocity_controller) by extension 'colcon_meta'
[0.253s] Level 1:colcon.colcon_core.package_identification:_identify(src/pid_velocity_controller) by extensions ['ros']
[0.253s] Level 1:colcon.colcon_core.package_identification:_identify(src/pid_velocity_controller) by extension 'ros'
[0.255s] DEBUG:colcon.colcon_core.package_identification:Package 'src/pid_velocity_controller' with type 'ros.ament_python' and name 'pid_velocity_controller'
[0.255s] Level 1:colcon.colcon_core.package_identification:_identify(src/pure_pursuit_controller) by extensions ['ignore', 'ignore_ament_install']
[0.255s] Level 1:colcon.colcon_core.package_identification:_identify(src/pure_pursuit_controller) by extension 'ignore'
[0.255s] Level 1:colcon.colcon_core.package_identification:_identify(src/pure_pursuit_controller) by extension 'ignore_ament_install'
[0.255s] Level 1:colcon.colcon_core.package_identification:_identify(src/pure_pursuit_controller) by extensions ['colcon_pkg']
[0.255s] Level 1:colcon.colcon_core.package_identification:_identify(src/pure_pursuit_controller) by extension 'colcon_pkg'
[0.255s] Level 1:colcon.colcon_core.package_identification:_identify(src/pure_pursuit_controller) by extensions ['colcon_meta']
[0.255s] Level 1:colcon.colcon_core.package_identification:_identify(src/pure_pursuit_controller) by extension 'colcon_meta'
[0.255s] Level 1:colcon.colcon_core.package_identification:_identify(src/pure_pursuit_controller) by extensions ['ros']
[0.255s] Level 1:colcon.colcon_core.package_identification:_identify(src/pure_pursuit_controller) by extension 'ros'
[0.256s] DEBUG:colcon.colcon_core.package_identification:Package 'src/pure_pursuit_controller' with type 'ros.ament_python' and name 'pure_pursuit_controller'
[0.256s] Level 1:colcon.colcon_core.package_discovery:discover_packages(recursive) using defaults
[0.256s] Level 1:colcon.colcon_core.package_discovery:discover_packages(ignore) discover
[0.256s] Level 1:colcon.colcon_core.package_discovery:discover_packages(ignore) using defaults
[0.256s] Level 1:colcon.colcon_core.package_discovery:discover_packages(path) discover
[0.256s] Level 1:colcon.colcon_core.package_discovery:discover_packages(path) using defaults
[0.267s] Level 1:colcon.colcon_core.package_discovery:discover_packages(prefix_path) check parameters
[0.268s] Level 1:colcon.colcon_core.package_discovery:discover_packages(prefix_path) discover
[0.268s] WARNING:colcon.colcon_ros.prefix_path.ament:The path '/home/junaet/ros2_ws/install/pure_pursuit_controller' in the environment variable AMENT_PREFIX_PATH doesn't exist
[0.269s] DEBUG:colcon.colcon_installed_package_information.package_discovery:Found 0 installed packages in /home/junaet/ros2_ws/install
[0.269s] DEBUG:colcon.colcon_installed_package_information.package_discovery:Found 280 installed packages in /opt/ros/humble
[0.271s] Level 1:colcon.colcon_core.package_discovery:discover_packages(prefix_path) using defaults
[0.302s] Level 5:colcon.colcon_core.verb:set package 'pid_velocity_controller' build argument 'cmake_args' from command line to 'None'
[0.302s] Level 5:colcon.colcon_core.verb:set package 'pid_velocity_controller' build argument 'cmake_target' from command line to 'None'
[0.302s] Level 5:colcon.colcon_core.verb:set package 'pid_velocity_controller' build argument 'cmake_target_skip_unavailable' from command line to 'False'
[0.302s] Level 5:colcon.colcon_core.verb:set package 'pid_velocity_controller' build argument 'cmake_clean_cache' from command line to 'False'
[0.302s] Level 5:colcon.colcon_core.verb:set package 'pid_velocity_controller' build argument 'cmake_clean_first' from command line to 'False'
[0.302s] Level 5:colcon.colcon_core.verb:set package 'pid_velocity_controller' build argument 'cmake_force_configure' from command line to 'False'
[0.302s] Level 5:colcon.colcon_core.verb:set package 'pid_velocity_controller' build argument 'ament_cmake_args' from command line to 'None'
[0.302s] Level 5:colcon.colcon_core.verb:set package 'pid_velocity_controller' build argument 'catkin_cmake_args' from command line to 'None'
[0.302s] Level 5:colcon.colcon_core.verb:set package 'pid_velocity_controller' build argument 'catkin_skip_building_tests' from command line to 'False'
[0.302s] DEBUG:colcon.colcon_core.verb:Building package 'pid_velocity_controller' with the following arguments: {'ament_cmake_args': None, 'build_base': '/home/junaet/ros2_ws/build/pid_velocity_controller', 'catkin_cmake_args': None, 'catkin_skip_building_tests': False, 'cmake_args': None, 'cmake_clean_cache': False, 'cmake_clean_first': False, 'cmake_force_configure': False, 'cmake_target': None, 'cmake_target_skip_unavailable': False, 'install_base': '/home/junaet/ros2_ws/install/pid_velocity_controller', 'merge_install': False, 'path': '/home/junaet/ros2_ws/src/pid_velocity_controller', 'symlink_install': False, 'test_result_base': None}
[0.302s] Level 5:colcon.colcon_core.verb:set package 'pure_pursuit_controller' build argument 'cmake_args' from command line to 'None'
[0.302s] Level 5:colcon.colcon_core.verb:set package 'pure_pursuit_controller' build argument 'cmake_target' from command line to 'None'
[0.302s] Level 5:colcon.colcon_core.verb:set package 'pure_pursuit_controller' build argument 'cmake_target_skip_unavailable' from command line to 'False'
[0.302s] Level 5:colcon.colcon_core.verb:set package 'pure_pursuit_controller' build argument 'cmake_clean_cache' from command line to 'False'
[0.303s] Level 5:colcon.colcon_core.verb:set package 'pure_pursuit_controller' build argument 'cmake_clean_first' from command line to 'False'
[0.303s] Level 5:colcon.colcon_core.verb:set package 'pure_pursuit_controller' build argument 'cmake_force_configure' from command line to 'False'
[0.303s] Level 5:colcon.colcon_core.verb:set package 'pure_pursuit_controller' build argument 'ament_cmake_args' from command line to 'None'
[0.303s] Level 5:colcon.colcon_core.verb:set package 'pure_pursuit_controller' build argument 'catkin_cmake_args' from command line to 'None'
[0.303s] Level 5:colcon.colcon_core.verb:set package 'pure_pursuit_controller' build argument 'catkin_skip_building_tests' from command line to 'False'
[0.303s] DEBUG:colcon.colcon_core.verb:Building package 'pure_pursuit_controller' with the following arguments: {'ament_cmake_args': None, 'build_base': '/home/junaet/ros2_ws/build/pure_pursuit_controller', 'catkin_cmake_args': None, 'catkin_skip_building_tests': False, 'cmake_args': None, 'cmake_clean_cache': False, 'cmake_clean_first': False, 'cmake_force_configure': False, 'cmake_target': None, 'cmake_target_skip_unavailable': False, 'install_base': '/home/junaet/ros2_ws/install/pure_pursuit_controller', 'merge_install': False, 'path': '/home/junaet/ros2_ws/src/pure_pursuit_controller', 'symlink_install': False, 'test_result_base': None}
[0.303s] INFO:colcon.colcon_core.executor:Executing jobs using 'parallel' executor
[0.303s] DEBUG:colcon.colcon_parallel_executor.executor.parallel:run_until_complete
[0.304s] INFO:colcon.colcon_ros.task.ament_python.build:Building ROS package in '/home/junaet/ros2_ws/src/pid_velocity_controller' with build type 'ament_python'
[0.304s] Level 1:colcon.colcon_core.shell:create_environment_hook('pid_velocity_controller', 'ament_prefix_path')
[0.305s] INFO:colcon.colcon_core.plugin_system:Skipping extension 'colcon_core.shell.bat': Not used on non-Windows systems
[0.305s] INFO:colcon.colcon_core.shell:Creating environment hook '/home/junaet/ros2_ws/install/pid_velocity_controller/share/pid_velocity_controller/hook/ament_prefix_path.ps1'
[0.306s] INFO:colcon.colcon_core.shell:Creating environment descriptor '/home/junaet/ros2_ws/install/pid_velocity_controller/share/pid_velocity_controller/hook/ament_prefix_path.dsv'
[0.307s] INFO:colcon.colcon_core.shell:Creating environment hook '/home/junaet/ros2_ws/install/pid_velocity_controller/share/pid_velocity_controller/hook/ament_prefix_path.sh'
[0.307s] INFO:colcon.colcon_core.shell:Skip shell extension 'powershell' for command environment: Not usable outside of PowerShell
[0.307s] DEBUG:colcon.colcon_core.shell:Skip shell extension 'dsv' for command environment
[0.309s] INFO:colcon.colcon_ros.task.ament_python.build:Building ROS package in '/home/junaet/ros2_ws/src/pure_pursuit_controller' with build type 'ament_python'
[0.309s] Level 1:colcon.colcon_core.shell:create_environment_hook('pure_pursuit_controller', 'ament_prefix_path')
[0.310s] INFO:colcon.colcon_core.shell:Creating environment hook '/home/junaet/ros2_ws/install/pure_pursuit_controller/share/pure_pursuit_controller/hook/ament_prefix_path.ps1'
[0.311s] INFO:colcon.colcon_core.shell:Creating environment descriptor '/home/junaet/ros2_ws/install/pure_pursuit_controller/share/pure_pursuit_controller/hook/ament_prefix_path.dsv'
[0.311s] INFO:colcon.colcon_core.shell:Creating environment hook '/home/junaet/ros2_ws/install/pure_pursuit_controller/share/pure_pursuit_controller/hook/ament_prefix_path.sh'
[0.311s] INFO:colcon.colcon_core.shell:Skip shell extension 'powershell' for command environment: Not usable outside of PowerShell
[0.311s] DEBUG:colcon.colcon_core.shell:Skip shell extension 'dsv' for command environment
[0.471s] WARNING:colcon.colcon_ros.task.ament_python.build:Package 'pid_velocity_controller' doesn't explicitly install a marker in the package index (colcon-ros currently does it implicitly but that fallback will be removed in the future)
[0.472s] WARNING:colcon.colcon_ros.task.ament_python.build:Package 'pid_velocity_controller' doesn't explicitly install the 'package.xml' file (colcon-ros currently does it implicitly but that fallback will be removed in the future)
[0.472s] INFO:colcon.colcon_core.task.python.build:Building Python package in '/home/junaet/ros2_ws/src/pid_velocity_controller'
[0.473s] INFO:colcon.colcon_core.shell:Skip shell extension 'powershell' for command environment: Not usable outside of PowerShell
[0.473s] DEBUG:colcon.colcon_core.shell:Skip shell extension 'dsv' for command environment
[0.643s] WARNING:colcon.colcon_ros.task.ament_python.build:Package 'pure_pursuit_controller' doesn't explicitly install a marker in the package index (colcon-ros currently does it implicitly but that fallback will be removed in the future)
[0.644s] INFO:colcon.colcon_core.task.python.build:Building Python package in '/home/junaet/ros2_ws/src/pure_pursuit_controller'
[0.645s] INFO:colcon.colcon_core.shell:Skip shell extension 'powershell' for command environment: Not usable outside of PowerShell
[0.645s] DEBUG:colcon.colcon_core.shell:Skip shell extension 'dsv' for command environment
[0.880s] DEBUG:colcon.colcon_core.event_handler.log_command:Invoking command in '/home/junaet/ros2_ws/src/pure_pursuit_controller': PYTHONPATH=/home/junaet/ros2_ws/build/pure_pursuit_controller/prefix_override:/usr/lib/python3/dist-packages/colcon_core/task/python/colcon_distutils_commands:/home/junaet/ros2_ws/install/pure_pursuit_controller/lib/python3.10/site-packages:${PYTHONPATH} /usr/bin/python3 -W ignore:setup.py install is deprecated -W ignore:easy_install command is deprecated setup.py egg_info --egg-base ../../build/pure_pursuit_controller build --build-base /home/junaet/ros2_ws/build/pure_pursuit_controller/build install --record /home/junaet/ros2_ws/build/pure_pursuit_controller/install.log --single-version-externally-managed install_data
[0.882s] DEBUG:colcon.colcon_core.event_handler.log_command:Invoking command in '/home/junaet/ros2_ws/src/pid_velocity_controller': PYTHONPATH=/home/junaet/ros2_ws/build/pid_velocity_controller/prefix_override:/usr/lib/python3/dist-packages/colcon_core/task/python/colcon_distutils_commands:/home/junaet/ros2_ws/install/pid_velocity_controller/lib/python3.10/site-packages:${PYTHONPATH} /usr/bin/python3 -W ignore:setup.py install is deprecated -W ignore:easy_install command is deprecated setup.py egg_info --egg-base ../../build/pid_velocity_controller build --build-base /home/junaet/ros2_ws/build/pid_velocity_controller/build install --record /home/junaet/ros2_ws/build/pid_velocity_controller/install.log --single-version-externally-managed
[1.065s] DEBUG:colcon.colcon_core.event_handler.log_command:Invoked command in '/home/junaet/ros2_ws/src/pid_velocity_controller' returned '0': PYTHONPATH=/home/junaet/ros2_ws/build/pid_velocity_controller/prefix_override:/usr/lib/python3/dist-packages/colcon_core/task/python/colcon_distutils_commands:/home/junaet/ros2_ws/install/pid_velocity_controller/lib/python3.10/site-packages:${PYTHONPATH} /usr/bin/python3 -W ignore:setup.py install is deprecated -W ignore:easy_install command is deprecated setup.py egg_info --egg-base ../../build/pid_velocity_controller build --build-base /home/junaet/ros2_ws/build/pid_velocity_controller/build install --record /home/junaet/ros2_ws/build/pid_velocity_controller/install.log --single-version-externally-managed
[1.066s] Level 1:colcon.colcon_core.environment:checking '/home/junaet/ros2_ws/install/pid_velocity_controller' for CMake module files
[1.066s] Level 1:colcon.colcon_core.environment:checking '/home/junaet/ros2_ws/install/pid_velocity_controller' for CMake config files
[1.067s] Level 1:colcon.colcon_core.environment:checking '/home/junaet/ros2_ws/install/pid_velocity_controller/lib'
[1.067s] Level 1:colcon.colcon_core.environment:checking '/home/junaet/ros2_ws/install/pid_velocity_controller/bin'
[1.067s] Level 1:colcon.colcon_core.environment:checking '/home/junaet/ros2_ws/install/pid_velocity_controller/lib/pkgconfig/pid_velocity_controller.pc'
[1.067s] Level 1:colcon.colcon_core.environment:checking '/home/junaet/ros2_ws/install/pid_velocity_controller/lib/python3.10/site-packages'
[1.067s] Level 1:colcon.colcon_core.shell:create_environment_hook('pid_velocity_controller', 'pythonpath')
[1.067s] INFO:colcon.colcon_core.shell:Creating environment hook '/home/junaet/ros2_ws/install/pid_velocity_controller/share/pid_velocity_controller/hook/pythonpath.ps1'
[1.068s] INFO:colcon.colcon_core.shell:Creating environment descriptor '/home/junaet/ros2_ws/install/pid_velocity_controller/share/pid_velocity_controller/hook/pythonpath.dsv'
[1.068s] INFO:colcon.colcon_core.shell:Creating environment hook '/home/junaet/ros2_ws/install/pid_velocity_controller/share/pid_velocity_controller/hook/pythonpath.sh'
[1.068s] Level 1:colcon.colcon_core.environment:checking '/home/junaet/ros2_ws/install/pid_velocity_controller/bin'
[1.068s] Level 1:colcon.colcon_core.environment:create_environment_scripts_only(pid_velocity_controller)
[1.069s] INFO:colcon.colcon_core.shell:Creating package script '/home/junaet/ros2_ws/install/pid_velocity_controller/share/pid_velocity_controller/package.ps1'
[1.069s] INFO:colcon.colcon_core.shell:Creating package descriptor '/home/junaet/ros2_ws/install/pid_velocity_controller/share/pid_velocity_controller/package.dsv'
[1.069s] INFO:colcon.colcon_core.shell:Creating package script '/home/junaet/ros2_ws/install/pid_velocity_controller/share/pid_velocity_controller/package.sh'
[1.070s] INFO:colcon.colcon_core.shell:Creating package script '/home/junaet/ros2_ws/install/pid_velocity_controller/share/pid_velocity_controller/package.bash'
[1.070s] INFO:colcon.colcon_core.shell:Creating package script '/home/junaet/ros2_ws/install/pid_velocity_controller/share/pid_velocity_controller/package.zsh'
[1.071s] Level 1:colcon.colcon_core.environment:create_file_with_runtime_dependencies(/home/junaet/ros2_ws/install/pid_velocity_controller/share/colcon-core/packages/pid_velocity_controller)
[1.072s] Level 1:colcon.colcon_core.environment:checking '/home/junaet/ros2_ws/install/pure_pursuit_controller' for CMake module files
[1.073s] DEBUG:colcon.colcon_core.event_handler.log_command:Invoked command in '/home/junaet/ros2_ws/src/pure_pursuit_controller' returned '0': PYTHONPATH=/home/junaet/ros2_ws/build/pure_pursuit_controller/prefix_override:/usr/lib/python3/dist-packages/colcon_core/task/python/colcon_distutils_commands:/home/junaet/ros2_ws/install/pure_pursuit_controller/lib/python3.10/site-packages:${PYTHONPATH} /usr/bin/python3 -W ignore:setup.py install is deprecated -W ignore:easy_install command is deprecated setup.py egg_info --egg-base ../../build/pure_pursuit_controller build --build-base /home/junaet/ros2_ws/build/pure_pursuit_controller/build install --record /home/junaet/ros2_ws/build/pure_pursuit_controller/install.log --single-version-externally-managed install_data
[1.073s] Level 1:colcon.colcon_core.environment:checking '/home/junaet/ros2_ws/install/pure_pursuit_controller' for CMake config files
[1.073s] Level 1:colcon.colcon_core.environment:checking '/home/junaet/ros2_ws/install/pure_pursuit_controller/lib'
[1.073s] Level 1:colcon.colcon_core.environment:checking '/home/junaet/ros2_ws/install/pure_pursuit_controller/bin'
[1.074s] Level 1:colcon.colcon_core.environment:checking '/home/junaet/ros2_ws/install/pure_pursuit_controller/lib/pkgconfig/pure_pursuit_controller.pc'
[1.074s] Level 1:colcon.colcon_core.environment:checking '/home/junaet/ros2_ws/install/pure_pursuit_controller/lib/python3.10/site-packages'
[1.074s] Level 1:colcon.colcon_core.shell:create_environment_hook('pure_pursuit_controller', 'pythonpath')
[1.074s] INFO:colcon.colcon_core.shell:Creating environment hook '/home/junaet/ros2_ws/install/pure_pursuit_controller/share/pure_pursuit_controller/hook/pythonpath.ps1'
[1.074s] INFO:colcon.colcon_core.shell:Creating environment descriptor '/home/junaet/ros2_ws/install/pure_pursuit_controller/share/pure_pursuit_controller/hook/pythonpath.dsv'
[1.074s] INFO:colcon.colcon_core.shell:Creating environment hook '/home/junaet/ros2_ws/install/pure_pursuit_controller/share/pure_pursuit_controller/hook/pythonpath.sh'
[1.075s] Level 1:colcon.colcon_core.environment:checking '/home/junaet/ros2_ws/install/pure_pursuit_controller/bin'
[1.075s] Level 1:colcon.colcon_core.environment:create_environment_scripts_only(pure_pursuit_controller)
[1.075s] INFO:colcon.colcon_core.shell:Creating package script '/home/junaet/ros2_ws/install/pure_pursuit_controller/share/pure_pursuit_controller/package.ps1'
[1.075s] INFO:colcon.colcon_core.shell:Creating package descriptor '/home/junaet/ros2_ws/install/pure_pursuit_controller/share/pure_pursuit_controller/package.dsv'
[1.076s] INFO:colcon.colcon_core.shell:Creating package script '/home/junaet/ros2_ws/install/pure_pursuit_controller/share/pure_pursuit_controller/package.sh'
[1.076s] INFO:colcon.colcon_core.shell:Creating package script '/home/junaet/ros2_ws/install/pure_pursuit_controller/share/pure_pursuit_controller/package.bash'
[1.076s] INFO:colcon.colcon_core.shell:Creating package script '/home/junaet/ros2_ws/install/pure_pursuit_controller/share/pure_pursuit_controller/package.zsh'
[1.076s] Level 1:colcon.colcon_core.environment:create_file_with_runtime_dependencies(/home/junaet/ros2_ws/install/pure_pursuit_controller/share/colcon-core/packages/pure_pursuit_controller)
[1.077s] DEBUG:colcon.colcon_parallel_executor.executor.parallel:closing loop
[1.077s] DEBUG:colcon.colcon_parallel_executor.executor.parallel:loop closed
[1.077s] DEBUG:colcon.colcon_parallel_executor.executor.parallel:run_until_complete finished with '0'
[1.077s] DEBUG:colcon.colcon_core.event_reactor:joining thread
[1.121s] INFO:colcon.colcon_core.plugin_system:Skipping extension 'colcon_notification.desktop_notification.notify_send': Could not find 'notify-send'
[1.121s] INFO:colcon.colcon_core.plugin_system:Skipping extension 'colcon_notification.desktop_notification.terminal_notifier': Not used on non-Darwin systems
[1.121s] INFO:colcon.colcon_core.plugin_system:Skipping extension 'colcon_notification.desktop_notification.win32': Not used on non-Windows systems
[1.122s] INFO:colcon.colcon_notification.desktop_notification:Sending desktop notification using 'notify2'
[1.122s] DEBUG:colcon.colcon_notification.desktop_notification.notify2:Failed to initialize notify2: org.freedesktop.DBus.Error.FileNotFound: Failed to connect to socket /run/user/1000/bus: No such file or directory
[1.122s] DEBUG:colcon.colcon_core.event_reactor:joined thread
[1.122s] INFO:colcon.colcon_core.shell:Creating prefix script '/home/junaet/ros2_ws/install/local_setup.ps1'
[1.123s] INFO:colcon.colcon_core.shell:Creating prefix util module '/home/junaet/ros2_ws/install/_local_setup_util_ps1.py'
[1.124s] INFO:colcon.colcon_core.shell:Creating prefix chain script '/home/junaet/ros2_ws/install/setup.ps1'
[1.124s] INFO:colcon.colcon_core.shell:Creating prefix script '/home/junaet/ros2_ws/install/local_setup.sh'
[1.125s] INFO:colcon.colcon_core.shell:Creating prefix util module '/home/junaet/ros2_ws/install/_local_setup_util_sh.py'
[1.125s] INFO:colcon.colcon_core.shell:Creating prefix chain script '/home/junaet/ros2_ws/install/setup.sh'
[1.126s] INFO:colcon.colcon_core.shell:Creating prefix script '/home/junaet/ros2_ws/install/local_setup.bash'
[1.126s] INFO:colcon.colcon_core.shell:Creating prefix chain script '/home/junaet/ros2_ws/install/setup.bash'
[1.126s] INFO:colcon.colcon_core.shell:Creating prefix script '/home/junaet/ros2_ws/install/local_setup.zsh'
[1.127s] INFO:colcon.colcon_core.shell:Creating prefix chain script '/home/junaet/ros2_ws/install/setup.zsh'
