running egg_info
creating ../../build/pure_pursuit_controller/pure_pursuit_controller.egg-info
writing ../../build/pure_pursuit_controller/pure_pursuit_controller.egg-info/PKG-INFO
writing dependency_links to ../../build/pure_pursuit_controller/pure_pursuit_controller.egg-info/dependency_links.txt
writing entry points to ../../build/pure_pursuit_controller/pure_pursuit_controller.egg-info/entry_points.txt
writing requirements to ../../build/pure_pursuit_controller/pure_pursuit_controller.egg-info/requires.txt
writing top-level names to ../../build/pure_pursuit_controller/pure_pursuit_controller.egg-info/top_level.txt
writing manifest file '../../build/pure_pursuit_controller/pure_pursuit_controller.egg-info/SOURCES.txt'
reading manifest file '../../build/pure_pursuit_controller/pure_pursuit_controller.egg-info/SOURCES.txt'
writing manifest file '../../build/pure_pursuit_controller/pure_pursuit_controller.egg-info/SOURCES.txt'
running build
running build_py
creating /home/junaet/ros2_ws/build/pure_pursuit_controller/build
creating /home/junaet/ros2_ws/build/pure_pursuit_controller/build/lib
creating /home/junaet/ros2_ws/build/pure_pursuit_controller/build/lib/pure_pursuit_controller
copying pure_pursuit_controller/pure_pursuit_node.py -> /home/junaet/ros2_ws/build/pure_pursuit_controller/build/lib/pure_pursuit_controller
copying pure_pursuit_controller/__init__.py -> /home/junaet/ros2_ws/build/pure_pursuit_controller/build/lib/pure_pursuit_controller
running install
running install_lib
creating /home/junaet/ros2_ws/install/pure_pursuit_controller/lib/python3.10/site-packages/pure_pursuit_controller
copying /home/junaet/ros2_ws/build/pure_pursuit_controller/build/lib/pure_pursuit_controller/pure_pursuit_node.py -> /home/junaet/ros2_ws/install/pure_pursuit_controller/lib/python3.10/site-packages/pure_pursuit_controller
copying /home/junaet/ros2_ws/build/pure_pursuit_controller/build/lib/pure_pursuit_controller/__init__.py -> /home/junaet/ros2_ws/install/pure_pursuit_controller/lib/python3.10/site-packages/pure_pursuit_controller
byte-compiling /home/junaet/ros2_ws/install/pure_pursuit_controller/lib/python3.10/site-packages/pure_pursuit_controller/pure_pursuit_node.py to pure_pursuit_node.cpython-310.pyc
byte-compiling /home/junaet/ros2_ws/install/pure_pursuit_controller/lib/python3.10/site-packages/pure_pursuit_controller/__init__.py to __init__.cpython-310.pyc
running install_data
copying package.xml -> /home/junaet/ros2_ws/install/pure_pursuit_controller/share/pure_pursuit_controller
creating /home/junaet/ros2_ws/install/pure_pursuit_controller/share/pure_pursuit_controller/launch
copying launch/pure_pursuit_launch.py -> /home/junaet/ros2_ws/install/pure_pursuit_controller/share/pure_pursuit_controller/launch
creating /home/junaet/ros2_ws/install/pure_pursuit_controller/share/pure_pursuit_controller/waypoints
copying pure_pursuit_controller/waypoints/waypoints.csv -> /home/junaet/ros2_ws/install/pure_pursuit_controller/share/pure_pursuit_controller/waypoints
running install_egg_info
Copying ../../build/pure_pursuit_controller/pure_pursuit_controller.egg-info to /home/junaet/ros2_ws/install/pure_pursuit_controller/lib/python3.10/site-packages/pure_pursuit_controller-0.1.0-py3.10.egg-info
running install_scripts
Installing pure_pursuit_node script to /home/junaet/ros2_ws/install/pure_pursuit_controller/lib/pure_pursuit_controller
writing list of installed files to '/home/junaet/ros2_ws/build/pure_pursuit_controller/install.log'
