[0.570s] Invoking command in '/home/junaet/ros2_ws/src/pure_pursuit_controller': PYTHONPATH=/home/junaet/ros2_ws/build/pure_pursuit_controller/prefix_override:/usr/lib/python3/dist-packages/colcon_core/task/python/colcon_distutils_commands:/home/junaet/ros2_ws/install/pure_pursuit_controller/lib/python3.10/site-packages:${PYTHONPATH} /usr/bin/python3 -W ignore:setup.py install is deprecated -W ignore:easy_install command is deprecated setup.py egg_info --egg-base ../../build/pure_pursuit_controller build --build-base /home/junaet/ros2_ws/build/pure_pursuit_controller/build install --record /home/junaet/ros2_ws/build/pure_pursuit_controller/install.log --single-version-externally-managed install_data
[0.719s] running egg_info
[0.719s] creating ../../build/pure_pursuit_controller/pure_pursuit_controller.egg-info
[0.720s] writing ../../build/pure_pursuit_controller/pure_pursuit_controller.egg-info/PKG-INFO
[0.720s] writing dependency_links to ../../build/pure_pursuit_controller/pure_pursuit_controller.egg-info/dependency_links.txt
[0.720s] writing entry points to ../../build/pure_pursuit_controller/pure_pursuit_controller.egg-info/entry_points.txt
[0.721s] writing requirements to ../../build/pure_pursuit_controller/pure_pursuit_controller.egg-info/requires.txt
[0.721s] writing top-level names to ../../build/pure_pursuit_controller/pure_pursuit_controller.egg-info/top_level.txt
[0.721s] writing manifest file '../../build/pure_pursuit_controller/pure_pursuit_controller.egg-info/SOURCES.txt'
[0.722s] reading manifest file '../../build/pure_pursuit_controller/pure_pursuit_controller.egg-info/SOURCES.txt'
[0.722s] writing manifest file '../../build/pure_pursuit_controller/pure_pursuit_controller.egg-info/SOURCES.txt'
[0.723s] running build
[0.723s] running build_py
[0.723s] creating /home/junaet/ros2_ws/build/pure_pursuit_controller/build
[0.724s] creating /home/junaet/ros2_ws/build/pure_pursuit_controller/build/lib
[0.724s] creating /home/junaet/ros2_ws/build/pure_pursuit_controller/build/lib/pure_pursuit_controller
[0.724s] copying pure_pursuit_controller/pure_pursuit_node.py -> /home/junaet/ros2_ws/build/pure_pursuit_controller/build/lib/pure_pursuit_controller
[0.724s] copying pure_pursuit_controller/__init__.py -> /home/junaet/ros2_ws/build/pure_pursuit_controller/build/lib/pure_pursuit_controller
[0.724s] running install
[0.724s] running install_lib
[0.724s] creating /home/junaet/ros2_ws/install/pure_pursuit_controller/lib/python3.10/site-packages/pure_pursuit_controller
[0.724s] copying /home/junaet/ros2_ws/build/pure_pursuit_controller/build/lib/pure_pursuit_controller/pure_pursuit_node.py -> /home/junaet/ros2_ws/install/pure_pursuit_controller/lib/python3.10/site-packages/pure_pursuit_controller
[0.724s] copying /home/junaet/ros2_ws/build/pure_pursuit_controller/build/lib/pure_pursuit_controller/__init__.py -> /home/junaet/ros2_ws/install/pure_pursuit_controller/lib/python3.10/site-packages/pure_pursuit_controller
[0.725s] byte-compiling /home/junaet/ros2_ws/install/pure_pursuit_controller/lib/python3.10/site-packages/pure_pursuit_controller/pure_pursuit_node.py to pure_pursuit_node.cpython-310.pyc
[0.725s] byte-compiling /home/junaet/ros2_ws/install/pure_pursuit_controller/lib/python3.10/site-packages/pure_pursuit_controller/__init__.py to __init__.cpython-310.pyc
[0.725s] running install_data
[0.725s] copying package.xml -> /home/junaet/ros2_ws/install/pure_pursuit_controller/share/pure_pursuit_controller
[0.725s] creating /home/junaet/ros2_ws/install/pure_pursuit_controller/share/pure_pursuit_controller/launch
[0.725s] copying launch/pure_pursuit_launch.py -> /home/junaet/ros2_ws/install/pure_pursuit_controller/share/pure_pursuit_controller/launch
[0.726s] creating /home/junaet/ros2_ws/install/pure_pursuit_controller/share/pure_pursuit_controller/waypoints
[0.726s] copying pure_pursuit_controller/waypoints/waypoints.csv -> /home/junaet/ros2_ws/install/pure_pursuit_controller/share/pure_pursuit_controller/waypoints
[0.726s] running install_egg_info
[0.727s] Copying ../../build/pure_pursuit_controller/pure_pursuit_controller.egg-info to /home/junaet/ros2_ws/install/pure_pursuit_controller/lib/python3.10/site-packages/pure_pursuit_controller-0.1.0-py3.10.egg-info
[0.727s] running install_scripts
[0.740s] Installing pure_pursuit_node script to /home/junaet/ros2_ws/install/pure_pursuit_controller/lib/pure_pursuit_controller
[0.740s] writing list of installed files to '/home/junaet/ros2_ws/build/pure_pursuit_controller/install.log'
[0.763s] Invoked command in '/home/junaet/ros2_ws/src/pure_pursuit_controller' returned '0': PYTHONPATH=/home/junaet/ros2_ws/build/pure_pursuit_controller/prefix_override:/usr/lib/python3/dist-packages/colcon_core/task/python/colcon_distutils_commands:/home/junaet/ros2_ws/install/pure_pursuit_controller/lib/python3.10/site-packages:${PYTHONPATH} /usr/bin/python3 -W ignore:setup.py install is deprecated -W ignore:easy_install command is deprecated setup.py egg_info --egg-base ../../build/pure_pursuit_controller build --build-base /home/junaet/ros2_ws/build/pure_pursuit_controller/build install --record /home/junaet/ros2_ws/build/pure_pursuit_controller/install.log --single-version-externally-managed install_data
