running egg_info
creating ../../build/pid_velocity_controller/pid_velocity_controller.egg-info
writing ../../build/pid_velocity_controller/pid_velocity_controller.egg-info/PKG-INFO
writing dependency_links to ../../build/pid_velocity_controller/pid_velocity_controller.egg-info/dependency_links.txt
writing entry points to ../../build/pid_velocity_controller/pid_velocity_controller.egg-info/entry_points.txt
writing requirements to ../../build/pid_velocity_controller/pid_velocity_controller.egg-info/requires.txt
writing top-level names to ../../build/pid_velocity_controller/pid_velocity_controller.egg-info/top_level.txt
writing manifest file '../../build/pid_velocity_controller/pid_velocity_controller.egg-info/SOURCES.txt'
reading manifest file '../../build/pid_velocity_controller/pid_velocity_controller.egg-info/SOURCES.txt'
writing manifest file '../../build/pid_velocity_controller/pid_velocity_controller.egg-info/SOURCES.txt'
running build
running build_py
creating /home/junaet/ros2_ws/build/pid_velocity_controller/build
creating /home/junaet/ros2_ws/build/pid_velocity_controller/build/lib
creating /home/junaet/ros2_ws/build/pid_velocity_controller/build/lib/pid_velocity_controller
copying pid_velocity_controller/pid_velocity_node.py -> /home/junaet/ros2_ws/build/pid_velocity_controller/build/lib/pid_velocity_controller
copying pid_velocity_controller/__init__.py -> /home/junaet/ros2_ws/build/pid_velocity_controller/build/lib/pid_velocity_controller
running install
running install_lib
creating /home/junaet/ros2_ws/install/pid_velocity_controller/lib/python3.10/site-packages/pid_velocity_controller
copying /home/junaet/ros2_ws/build/pid_velocity_controller/build/lib/pid_velocity_controller/pid_velocity_node.py -> /home/junaet/ros2_ws/install/pid_velocity_controller/lib/python3.10/site-packages/pid_velocity_controller
copying /home/junaet/ros2_ws/build/pid_velocity_controller/build/lib/pid_velocity_controller/__init__.py -> /home/junaet/ros2_ws/install/pid_velocity_controller/lib/python3.10/site-packages/pid_velocity_controller
byte-compiling /home/junaet/ros2_ws/install/pid_velocity_controller/lib/python3.10/site-packages/pid_velocity_controller/pid_velocity_node.py to pid_velocity_node.cpython-310.pyc
byte-compiling /home/junaet/ros2_ws/install/pid_velocity_controller/lib/python3.10/site-packages/pid_velocity_controller/__init__.py to __init__.cpython-310.pyc
running install_egg_info
Copying ../../build/pid_velocity_controller/pid_velocity_controller.egg-info to /home/junaet/ros2_ws/install/pid_velocity_controller/lib/python3.10/site-packages/pid_velocity_controller-0.1.0-py3.10.egg-info
running install_scripts
Installing pid_velocity_node script to /home/junaet/ros2_ws/install/pid_velocity_controller/lib/pid_velocity_controller
writing list of installed files to '/home/junaet/ros2_ws/build/pid_velocity_controller/install.log'
